<?xml version="1.0" encoding="UTF-8"?>
<!-- Generated by org.testng.reporters.JUnitReportReporter -->
<testsuite skipped="2" hostname="DESKTOP-RE8T31A" name="TestNGSessions.LoginTestHubSpotTest" tests="3" failures="0" timestamp="2020-09-09T00:18:39 IST" time="-1599590912.000" errors="1">
  <testcase name="setUp" time="-1599590912.000" classname="TestNGSessions.LoginTestHubSpotTest">
    <error type="org.testng.TestNGException" message="
Parameter &#039;url&#039; is required by BeforeTest on method setUp but has not been marked @Optional or defined
in C:\Users\user\Documents\EclipseProjects\July2019SeleniumSessions\src\test\resources\TestRunners\Demo_Regression_Suite.xml">
      <![CDATA[org.testng.TestNGException: 
Parameter 'url' is required by BeforeTest on method setUp but has not been marked @Optional or defined
in C:\Users\user\Documents\EclipseProjects\July2019SeleniumSessions\src\test\resources\TestRunners\Demo_Regression_Suite.xml
at org.testng.internal.Parameters.createParams(Parameters.java:268)
at org.testng.internal.Parameters.createParametersForMethod(Parameters.java:356)
at org.testng.internal.Parameters.createParameters(Parameters.java:700)
at org.testng.internal.Parameters.createConfigurationParameters(Parameters.java:166)
at org.testng.internal.ConfigInvoker.invokeConfigurations(ConfigInvoker.java:299)
at org.testng.TestRunner.invokeTestConfigurations(TestRunner.java:620)
at org.testng.TestRunner.beforeRun(TestRunner.java:610)
at org.testng.TestRunner.run(TestRunner.java:581)
at org.testng.SuiteRunner.runTest(SuiteRunner.java:384)
at org.testng.SuiteRunner.runSequentially(SuiteRunner.java:378)
at org.testng.SuiteRunner.privateRun(SuiteRunner.java:337)
at org.testng.SuiteRunner.run(SuiteRunner.java:286)
at org.testng.SuiteRunnerWorker.runSuite(SuiteRunnerWorker.java:53)
at org.testng.SuiteRunnerWorker.run(SuiteRunnerWorker.java:96)
at org.testng.TestNG.runSuitesSequentially(TestNG.java:1214)
at org.testng.TestNG.runSuitesLocally(TestNG.java:1136)
at org.testng.TestNG.runSuites(TestNG.java:1066)
at org.testng.TestNG.run(TestNG.java:1034)
at org.testng.remote.AbstractRemoteTestNG.run(AbstractRemoteTestNG.java:115)
at org.testng.remote.RemoteTestNG.initAndRun(RemoteTestNG.java:251)
at org.testng.remote.RemoteTestNG.main(RemoteTestNG.java:77)
]]>
    </error>
  </testcase> <!-- setUp -->
  <system-out/>
  <testcase name="signUpLinkTest" time="0.001" classname="TestNGSessions.LoginTestHubSpotTest">
    <skipped/>
  </testcase> <!-- signUpLinkTest -->
  <system-out/>
  <testcase name="verifyLoginPageTitle" time="0.000" classname="TestNGSessions.LoginTestHubSpotTest">
    <skipped/>
  </testcase> <!-- verifyLoginPageTitle -->
  <system-out/>
</testsuite> <!-- TestNGSessions.LoginTestHubSpotTest -->
